Sat Feb  7 07:52:28 AM UTC 2026: pushed 10 commits
Sat Feb  7 07:53:47 AM UTC 2026: scheduled 8 runs for today at hours: 9 8 12 17 15 19 20 13
Fri Feb  6 11:55:05 PM PST 2026: scheduled 7 runs at PST hours: 11 18 17 8 12 22 23
Sat Feb  7 12:00:01 AM PST 2026: scheduled 7 runs at PST hours: 14 10 19 8 20 9 15
[main 59b2b594] remove debug logs
 4 files changed, 41 insertions(+), 10 deletions(-)
 create mode 100644 autocommit.log
 create mode 100755 schedule.sh
[main f50eedfc] update error messages
 2 files changed, 5 insertions(+)
[main 7a1b4bf6] clean up dead code
 2 files changed, 3 insertions(+)
To github-echo:echo417368/devlog.git
   e3aee72d..7a1b4bf6  main -> main
Sat Feb  7 08:23:01 AM PST 2026: pushed 3 commits
[main fd9d232d] fix date formatting
 2 files changed, 6 insertions(+)
To github-echo:echo417368/devlog.git
   7a1b4bf6..fd9d232d  main -> main
Sat Feb  7 08:43:01 AM PST 2026: pushed 1 commits
[main bf637daa] add data export
 2 files changed, 6 insertions(+)
To github-echo:echo417368/devlog.git
   fd9d232d..bf637daa  main -> main
Sat Feb  7 09:46:01 AM PST 2026: pushed 1 commits
[main 082e2568] update lint rules
 2 files changed, 6 insertions(+)
[main c508e454] update types
 2 files changed, 3 insertions(+)
To github-echo:echo417368/devlog.git
   bf637daa..c508e454  main -> main
Sat Feb  7 10:11:01 AM PST 2026: pushed 2 commits
[main cb1f91d9] add error handling
 2 files changed, 6 insertions(+)
To github-echo:echo417368/devlog.git
   c508e454..cb1f91d9  main -> main
Sat Feb  7 11:06:01 AM PST 2026: pushed 1 commits
[main 68124fdf] remove debug logs
 2 files changed, 6 insertions(+)
[main 222a3e17] add caching layer
 2 files changed, 3 insertions(+)
[main 8363c78c] fix CSS alignment
 2 files changed, 3 insertions(+)
To github-echo:echo417368/devlog.git
   cb1f91d9..8363c78c  main -> main
Sat Feb  7 12:10:01 PM PST 2026: pushed 3 commits
[main 5ab4898b] add logging
 2 files changed, 6 insertions(+)
To github-echo:echo417368/devlog.git
   8363c78c..5ab4898b  main -> main
Sat Feb  7 02:13:01 PM PST 2026: pushed 1 commits
[main 52caac78] fix edge case in parser
 2 files changed, 6 insertions(+)
To github-echo:echo417368/devlog.git
   5ab4898b..52caac78  main -> main
Sat Feb  7 03:31:01 PM PST 2026: pushed 1 commits
[main 6df9b445] add metrics collection
 2 files changed, 6 insertions(+)
[main 80d07755] refactor config loader
 2 files changed, 3 insertions(+)
To github-echo:echo417368/devlog.git
   52caac78..80d07755  main -> main
Sat Feb  7 05:38:01 PM PST 2026: pushed 2 commits
[main fdc857df] update schema
 2 files changed, 6 insertions(+)
[main 784bbfe9] update test fixtures
 2 files changed, 3 insertions(+)
To github-echo:echo417368/devlog.git
   80d07755..784bbfe9  main -> main
Sat Feb  7 06:13:01 PM PST 2026: pushed 2 commits
[main 55cfcec0] fix timezone handling
 2 files changed, 6 insertions(+)
[main 46d0b678] add data export
 2 files changed, 3 insertions(+)
To github-echo:echo417368/devlog.git
   784bbfe9..46d0b678  main -> main
Sat Feb  7 07:34:01 PM PST 2026: pushed 2 commits
[main 072f2d71] update lint rules
 2 files changed, 6 insertions(+)
[main 1c6f1b9b] fix cache invalidation
 2 files changed, 3 insertions(+)
